<?xml version="1.0" encoding="UTF-8"?>
<testng-results skipped="0" failed="0" ignored="0" total="1" passed="1">
  <reporter-output>
    <line>
      <![CDATA[openBrowser]]>
    </line>
    <line>
      <![CDATA[login]]>
    </line>
    <line>
      <![CDATA[logout]]>
    </line>
    <line>
      <![CDATA[closeBrowser]]>
    </line>
  </reporter-output>
  <suite name="Default suite" duration-ms="27152" started-at="2022-10-02T17:14:54 IST" finished-at="2022-10-02T17:15:21 IST">
    <groups>
    </groups>
    <test name="Default test" duration-ms="27152" started-at="2022-10-02T17:14:54 IST" finished-at="2022-10-02T17:15:21 IST">
      <class name="com.actitime.testscript.CreateCustomer">
        <test-method status="PASS" signature="openBrowser()[pri:0, instance:com.actitime.testscript.CreateCustomer@2833cc44]" name="openBrowser" is-config="true" duration-ms="4114" started-at="2022-10-02T17:14:54 IST" finished-at="2022-10-02T17:14:58 IST">
          <reporter-output>
            <line>
              <![CDATA[openBrowser]]>
            </line>
          </reporter-output>
        </test-method> <!-- openBrowser -->
        <test-method status="PASS" signature="login()[pri:0, instance:com.actitime.testscript.CreateCustomer@2833cc44]" name="login" is-config="true" duration-ms="1" started-at="2022-10-02T17:14:58 IST" finished-at="2022-10-02T17:14:58 IST">
          <reporter-output>
            <line>
              <![CDATA[login]]>
            </line>
          </reporter-output>
        </test-method> <!-- login -->
        <test-method status="PASS" signature="createCustomer()[pri:0, instance:com.actitime.testscript.CreateCustomer@2833cc44]" name="createCustomer" duration-ms="20427" started-at="2022-10-02T17:14:58 IST" finished-at="2022-10-02T17:15:18 IST">
          <reporter-output>
          </reporter-output>
        </test-method> <!-- createCustomer -->
        <test-method status="PASS" signature="logout()[pri:0, instance:com.actitime.testscript.CreateCustomer@2833cc44]" name="logout" is-config="true" duration-ms="3" started-at="2022-10-02T17:15:18 IST" finished-at="2022-10-02T17:15:18 IST">
          <reporter-output>
            <line>
              <![CDATA[logout]]>
            </line>
          </reporter-output>
        </test-method> <!-- logout -->
        <test-method status="PASS" signature="closeBrowser()[pri:0, instance:com.actitime.testscript.CreateCustomer@2833cc44]" name="closeBrowser" is-config="true" duration-ms="2522" started-at="2022-10-02T17:15:18 IST" finished-at="2022-10-02T17:15:21 IST">
          <reporter-output>
            <line>
              <![CDATA[closeBrowser]]>
            </line>
          </reporter-output>
        </test-method> <!-- closeBrowser -->
      </class> <!-- com.actitime.testscript.CreateCustomer -->
    </test> <!-- Default test -->
  </suite> <!-- Default suite -->
</testng-results>
